{"/home/thiakovidis/Desktop/vue_boris_masterclass/job-search/src/api/getJobs.js": {"path":"/home/thiakovidis/Desktop/vue_boris_masterclass/job-search/src/api/getJobs.js","statementMap":{"0":{"start":{"line":3,"column":16},"end":{"line":7,"column":1}},"1":{"start":{"line":4,"column":18},"end":{"line":4,"column":45}},"2":{"start":{"line":5,"column":19},"end":{"line":5,"column":53}},"3":{"start":{"line":6,"column":2},"end":{"line":6,"column":23}}},"fnMap":{"0":{"name":"(anonymous_0)","decl":{"start":{"line":3,"column":16},"end":{"line":3,"column":17}},"loc":{"start":{"line":3,"column":28},"end":{"line":7,"column":1}},"line":3}},"branchMap":{},"s":{"0":4,"1":2,"2":2,"3":2},"f":{"0":2},"b":{},"_coverageSchema":"1a1c01bbd47fc00a2c39e90264f33305004495a9","hash":"957a596fc729f04067592beb53b96cf36dddaa29"}
,"/home/thiakovidis/Desktop/vue_boris_masterclass/job-search/src/components/JobResults/JobListing.vue": {"path":"/home/thiakovidis/Desktop/vue_boris_masterclass/job-search/src/components/JobResults/JobListing.vue","statementMap":{"0":{"start":{"line":64,"column":15},"end":{"line":64,"column":null}},"1":{"start":{"line":74,"column":6},"end":{"line":74,"column":14}}},"fnMap":{"0":{"name":"(anonymous_0)","decl":{"start":{"line":73,"column":4},"end":{"line":73,"column":15}},"loc":{"start":{"line":73,"column":18},"end":{"line":75,"column":null}}}},"branchMap":{},"s":{"0":2,"1":5},"f":{"0":5},"b":{}}
,"/home/thiakovidis/Desktop/vue_boris_masterclass/job-search/src/components/Navigation/ProfileImage.vue": {"path":"/home/thiakovidis/Desktop/vue_boris_masterclass/job-search/src/components/Navigation/ProfileImage.vue","statementMap":{"0":{"start":{"line":6,"column":15},"end":{"line":6,"column":null}},"1":{"start":{"line":9,"column":4},"end":{"line":9,"column":11}}},"fnMap":{"0":{"name":"(anonymous_0)","decl":{"start":{"line":8,"column":2},"end":{"line":8,"column":6}},"loc":{"start":{"line":8,"column":9},"end":{"line":13,"column":null}}}},"branchMap":{},"s":{"0":2,"1":1},"f":{"0":1},"b":{}}
,"/home/thiakovidis/Desktop/vue_boris_masterclass/job-search/src/components/Navigation/Subnav.vue": {"path":"/home/thiakovidis/Desktop/vue_boris_masterclass/job-search/src/components/Navigation/Subnav.vue","statementMap":{"0":{"start":{"line":13,"column":15},"end":{"line":13,"column":null}},"1":{"start":{"line":17,"column":6},"end":{"line":17,"column":13}}},"fnMap":{"0":{"name":"(anonymous_0)","decl":{"start":{"line":16,"column":4},"end":{"line":16,"column":20}},"loc":{"start":{"line":16,"column":23},"end":{"line":18,"column":null}}}},"branchMap":{},"s":{"0":2,"1":2},"f":{"0":2},"b":{}}
,"/home/thiakovidis/Desktop/vue_boris_masterclass/job-search/src/components/Shared/Accordion.vue": {"path":"/home/thiakovidis/Desktop/vue_boris_masterclass/job-search/src/components/Shared/Accordion.vue","statementMap":{"0":{"start":{"line":17,"column":15},"end":{"line":17,"column":null}},"1":{"start":{"line":26,"column":4},"end":{"line":26,"column":11}},"2":{"start":{"line":32,"column":6},"end":{"line":32,"column":13}},"3":{"start":{"line":37,"column":6},"end":{"line":37,"column":11}}},"fnMap":{"0":{"name":"(anonymous_0)","decl":{"start":{"line":25,"column":2},"end":{"line":25,"column":6}},"loc":{"start":{"line":25,"column":9},"end":{"line":29,"column":null}}},"1":{"name":"(anonymous_1)","decl":{"start":{"line":31,"column":4},"end":{"line":31,"column":14}},"loc":{"start":{"line":31,"column":17},"end":{"line":33,"column":null}}},"2":{"name":"(anonymous_2)","decl":{"start":{"line":36,"column":4},"end":{"line":36,"column":8}},"loc":{"start":{"line":36,"column":11},"end":{"line":38,"column":null}}}},"branchMap":{"0":{"loc":{"start":{"line":32,"column":13},"end":{"line":32,"column":50}},"type":"cond-expr","locations":[{"start":{"line":32,"column":27},"end":{"line":32,"column":28}},{"start":{"line":32,"column":49},"end":{"line":32,"column":50}}]}},"s":{"0":1,"1":1,"2":1,"3":0},"f":{"0":1,"1":1,"2":0},"b":{"0":[0,1]}}
,"/home/thiakovidis/Desktop/vue_boris_masterclass/job-search/src/components/Shared/ActionButton.vue": {"path":"/home/thiakovidis/Desktop/vue_boris_masterclass/job-search/src/components/Shared/ActionButton.vue","statementMap":{"0":{"start":{"line":8,"column":15},"end":{"line":8,"column":null}},"1":{"start":{"line":20,"column":8},"end":{"line":20,"column":15}},"2":{"start":{"line":26,"column":6},"end":{"line":26,"column":13}}},"fnMap":{"0":{"name":"(anonymous_0)","decl":{"start":{"line":19,"column":6},"end":{"line":19,"column":15}},"loc":{"start":{"line":19,"column":23},"end":{"line":21,"column":null}}},"1":{"name":"(anonymous_1)","decl":{"start":{"line":25,"column":4},"end":{"line":25,"column":15}},"loc":{"start":{"line":25,"column":18},"end":{"line":29,"column":null}}}},"branchMap":{},"s":{"0":3,"1":7,"2":3},"f":{"0":7,"1":3},"b":{}}
,"/home/thiakovidis/Desktop/vue_boris_masterclass/job-search/src/components/Shared/TextInput.vue": {"path":"/home/thiakovidis/Desktop/vue_boris_masterclass/job-search/src/components/Shared/TextInput.vue","statementMap":{"0":{"start":{"line":12,"column":15},"end":{"line":12,"column":null}},"1":{"start":{"line":28,"column":6},"end":{"line":28,"column":11}}},"fnMap":{"0":{"name":"(anonymous_0)","decl":{"start":{"line":27,"column":4},"end":{"line":27,"column":15}},"loc":{"start":{"line":27,"column":24},"end":{"line":29,"column":null}}}},"branchMap":{},"s":{"0":2,"1":5},"f":{"0":5},"b":{}}
,"/home/thiakovidis/Desktop/vue_boris_masterclass/job-search/src/store/index.js": {"path":"/home/thiakovidis/Desktop/vue_boris_masterclass/job-search/src/store/index.js","statementMap":{"0":{"start":{"line":5,"column":26},"end":{"line":5,"column":38}},"1":{"start":{"line":6,"column":28},"end":{"line":6,"column":42}},"2":{"start":{"line":7,"column":26},"end":{"line":7,"column":38}},"3":{"start":{"line":9,"column":21},"end":{"line":14,"column":1}},"4":{"start":{"line":10,"column":2},"end":{"line":13,"column":4}},"5":{"start":{"line":16,"column":25},"end":{"line":23,"column":1}},"6":{"start":{"line":18,"column":4},"end":{"line":18,"column":28}},"7":{"start":{"line":21,"column":4},"end":{"line":21,"column":22}},"8":{"start":{"line":25,"column":23},"end":{"line":30,"column":1}},"9":{"start":{"line":27,"column":24},"end":{"line":27,"column":39}},"10":{"start":{"line":28,"column":4},"end":{"line":28,"column":46}},"11":{"start":{"line":32,"column":14},"end":{"line":37,"column":2}}},"fnMap":{"0":{"name":"(anonymous_0)","decl":{"start":{"line":9,"column":21},"end":{"line":9,"column":22}},"loc":{"start":{"line":9,"column":27},"end":{"line":14,"column":1}},"line":9},"1":{"name":"(anonymous_1)","decl":{"start":{"line":17,"column":2},"end":{"line":17,"column":3}},"loc":{"start":{"line":17,"column":22},"end":{"line":19,"column":3}},"line":17},"2":{"name":"(anonymous_2)","decl":{"start":{"line":20,"column":2},"end":{"line":20,"column":3}},"loc":{"start":{"line":20,"column":30},"end":{"line":22,"column":3}},"line":20},"3":{"name":"(anonymous_3)","decl":{"start":{"line":26,"column":16},"end":{"line":26,"column":17}},"loc":{"start":{"line":26,"column":35},"end":{"line":29,"column":3}},"line":26}},"branchMap":{},"s":{"0":3,"1":3,"2":3,"3":3,"4":5,"5":3,"6":1,"7":1,"8":3,"9":2,"10":2,"11":3},"f":{"0":5,"1":1,"2":1,"3":2},"b":{},"_coverageSchema":"1a1c01bbd47fc00a2c39e90264f33305004495a9","hash":"600e627b2482c1bb965bd0fe5f70f73ea84fdd40"}
,"/home/thiakovidis/Desktop/vue_boris_masterclass/job-search/src/utils/nextElementInList.js": {"path":"/home/thiakovidis/Desktop/vue_boris_masterclass/job-search/src/utils/nextElementInList.js","statementMap":{"0":{"start":{"line":1,"column":26},"end":{"line":6,"column":1}},"1":{"start":{"line":2,"column":29},"end":{"line":2,"column":48}},"2":{"start":{"line":3,"column":25},"end":{"line":3,"column":63}},"3":{"start":{"line":4,"column":20},"end":{"line":4,"column":40}},"4":{"start":{"line":5,"column":2},"end":{"line":5,"column":19}}},"fnMap":{"0":{"name":"(anonymous_0)","decl":{"start":{"line":1,"column":26},"end":{"line":1,"column":27}},"loc":{"start":{"line":1,"column":43},"end":{"line":6,"column":1}},"line":1}},"branchMap":{},"s":{"0":2,"1":5,"2":5,"3":5,"4":5},"f":{"0":5},"b":{},"_coverageSchema":"1a1c01bbd47fc00a2c39e90264f33305004495a9","hash":"7b4ce16393124c7a3961df6058b2ee2373365a92"}
}
