{"/home/thiakovidis/Desktop/vue_boris_masterclass/job-search/src/components/MainNav.vue": {"path":"/home/thiakovidis/Desktop/vue_boris_masterclass/job-search/src/components/MainNav.vue","statementMap":{"0":{"start":{"line":30,"column":15},"end":{"line":46,"column":1}},"1":{"start":{"line":33,"column":4},"end":{"line":44,"column":null}},"2":{"start":{"line":46,"column":1},"end":{"line":46,"column":null}}},"fnMap":{"0":{"name":"(anonymous_0)","decl":{"start":{"line":32,"column":2},"end":{"line":32,"column":6}},"loc":{"start":{"line":32,"column":9},"end":{"line":45,"column":null}}}},"branchMap":{},"s":{"0":1,"1":2,"2":1},"f":{"0":2},"b":{}}
}
