TN:
SF:/home/thiakovidis/Desktop/vue_boris_masterclass/job-search/src/components/jobSearch/Headline.vue
FN:19,(anonymous_0)
FN:26,(anonymous_1)
FN:36,(anonymous_2)
FN:39,(anonymous_3)
FN:43,(anonymous_4)
FN:44,(anonymous_5)
FNF:6
FNH:6
FNDA:4,(anonymous_0)
FNDA:7,(anonymous_1)
FNDA:4,(anonymous_2)
FNDA:1,(anonymous_3)
FNDA:4,(anonymous_4)
FNDA:3,(anonymous_5)
DA:16,1
DA:17,1
DA:20,4
DA:27,7
DA:37,4
DA:40,1
DA:44,4
DA:45,3
DA:46,3
DA:50,1
LF:10
LH:10
BRF:0
BRH:0
end_of_record
TN:
SF:/home/thiakovidis/Desktop/vue_boris_masterclass/job-search/src/components/navigation/MainNav.vue
FN:53,(anonymous_0)
FN:85,(anonymous_1)
FN:93,(anonymous_2)
FNF:3
FNH:3
FNDA:5,(anonymous_0)
FNDA:7,(anonymous_1)
FNDA:2,(anonymous_2)
DA:46,1
DA:47,1
DA:48,1
DA:50,1
DA:54,5
DA:86,7
DA:94,2
DA:97,1
LF:8
LH:8
BRF:0
BRH:0
end_of_record
TN:
SF:/home/thiakovidis/Desktop/vue_boris_masterclass/job-search/src/components/navigation/ProfileImage.vue
FN:8,(anonymous_0)
FNF:1
FNH:1
FNDA:1,(anonymous_0)
DA:6,2
DA:9,1
DA:14,2
LF:3
LH:3
BRF:0
BRH:0
end_of_record
TN:
SF:/home/thiakovidis/Desktop/vue_boris_masterclass/job-search/src/components/navigation/SubNav.vue
FN:16,(anonymous_0)
FNF:1
FNH:1
FNDA:2,(anonymous_0)
DA:13,2
DA:17,2
DA:20,2
LF:3
LH:3
BRF:0
BRH:0
end_of_record
TN:
SF:/home/thiakovidis/Desktop/vue_boris_masterclass/job-search/src/components/shared/ActionButton.vue
FN:19,(anonymous_0)
FN:26,(anonymous_1)
FNF:2
FNH:2
FNDA:7,(anonymous_0)
FNDA:2,(anonymous_1)
DA:8,2
DA:20,7
DA:27,2
DA:32,2
LF:4
LH:4
BRF:0
BRH:0
end_of_record
TN:
SF:/home/thiakovidis/Desktop/vue_boris_masterclass/job-search/src/components/shared/TextInput.vue
FN:27,(anonymous_0)
FNF:1
FNH:1
FNDA:3,(anonymous_0)
DA:12,1
DA:28,3
DA:31,1
LF:3
LH:3
BRF:0
BRH:0
end_of_record
TN:
SF:/home/thiakovidis/Desktop/vue_boris_masterclass/job-search/src/utils/nextElementInList.js
FN:1,(anonymous_0)
FNF:1
FNH:1
FNDA:5,(anonymous_0)
DA:1,2
DA:2,5
DA:3,5
DA:4,5
DA:6,5
LF:5
LH:5
BRF:0
BRH:0
end_of_record
