TN:
SF:src/api/getJobs.js
FN:3,(anonymous_0)
FNF:1
FNH:1
FNDA:2,(anonymous_0)
DA:3,2
DA:4,2
DA:5,2
DA:6,2
LF:4
LH:4
BRF:0
BRH:0
end_of_record
TN:
SF:src/components/JobResults/JobListing.vue
FN:73,(anonymous_0)
FNF:1
FNH:1
FNDA:5,(anonymous_0)
DA:64,2
DA:74,5
LF:2
LH:2
BRF:0
BRH:0
end_of_record
TN:
SF:src/components/Navigation/ProfileImage.vue
FN:8,(anonymous_0)
FNF:1
FNH:1
FNDA:1,(anonymous_0)
DA:6,2
DA:9,1
LF:2
LH:2
BRF:0
BRH:0
end_of_record
TN:
SF:src/components/Shared/Accordion.vue
FN:29,(anonymous_0)
FN:35,(anonymous_1)
FN:40,(anonymous_2)
FNF:3
FNH:3
FNDA:8,(anonymous_0)
FNDA:16,(anonymous_1)
FNDA:8,(anonymous_2)
DA:21,3
DA:30,8
DA:36,16
DA:41,8
LF:4
LH:4
BRDA:36,0,0,8
BRDA:36,0,1,8
BRF:2
BRH:2
end_of_record
TN:
SF:src/components/Shared/ActionButton.vue
FN:19,(anonymous_0)
FN:25,(anonymous_1)
FNF:2
FNH:2
FNDA:7,(anonymous_0)
FNDA:3,(anonymous_1)
DA:8,3
DA:20,7
DA:26,3
LF:3
LH:3
BRF:0
BRH:0
end_of_record
TN:
SF:src/components/Shared/HeaderContainer.vue
FNF:0
FNH:0
DA:11,1
LF:1
LH:1
BRF:0
BRH:0
end_of_record
TN:
SF:src/components/Shared/TextInput.vue
FN:27,(anonymous_0)
FNF:1
FNH:1
FNDA:5,(anonymous_0)
DA:12,2
DA:28,5
LF:2
LH:2
BRF:0
BRH:0
end_of_record
TN:
SF:src/store/actions.js
FN:5,(anonymous_0)
FNF:1
FNH:1
FNDA:2,(anonymous_0)
DA:4,1
DA:6,2
DA:7,2
LF:3
LH:3
BRF:0
BRH:0
end_of_record
TN:
SF:src/store/constants.js
FNF:0
FNH:0
DA:2,8
DA:5,8
DA:6,8
DA:7,8
DA:10,8
DA:11,8
DA:12,8
DA:15,8
DA:16,8
DA:17,8
LF:10
LH:10
BRF:0
BRH:0
end_of_record
TN:
SF:src/store/getters.js
FN:10,(anonymous_0)
FN:12,(anonymous_1)
FN:15,(anonymous_2)
FN:17,(anonymous_3)
FN:20,(anonymous_4)
FN:20,(anonymous_5)
FN:24,(anonymous_6)
FN:24,(anonymous_7)
FN:28,(anonymous_8)
FN:30,(anonymous_9)
FN:31,(anonymous_10)
FNF:11
FNH:11
FNDA:1,(anonymous_0)
FNDA:3,(anonymous_1)
FNDA:1,(anonymous_2)
FNDA:3,(anonymous_3)
FNDA:2,(anonymous_4)
FNDA:2,(anonymous_5)
FNDA:2,(anonymous_6)
FNDA:2,(anonymous_7)
FNDA:1,(anonymous_8)
FNDA:1,(anonymous_9)
FNDA:1,(anonymous_10)
DA:9,1
DA:11,1
DA:12,3
DA:13,1
DA:16,1
DA:17,3
DA:18,1
DA:20,2
DA:21,2
DA:22,1
DA:24,2
DA:25,2
DA:26,1
DA:29,1
DA:30,1
DA:31,1
LF:16
LH:16
BRDA:21,0,0,1
BRDA:21,0,1,1
BRDA:25,1,0,1
BRDA:25,1,1,1
BRF:4
BRH:4
end_of_record
TN:
SF:src/store/mutations.js
FN:9,(anonymous_0)
FN:12,(anonymous_1)
FN:15,(anonymous_2)
FN:18,(anonymous_3)
FNF:4
FNH:4
FNDA:1,(anonymous_0)
FNDA:1,(anonymous_1)
FNDA:1,(anonymous_2)
FNDA:1,(anonymous_3)
DA:8,1
DA:10,1
DA:13,1
DA:16,1
DA:19,1
LF:5
LH:5
BRF:0
BRH:0
end_of_record
TN:
SF:src/store/state.js
FN:1,(anonymous_0)
FNF:1
FNH:1
FNDA:4,(anonymous_0)
DA:1,1
DA:2,4
LF:2
LH:2
BRF:0
BRH:0
end_of_record
TN:
SF:src/utils/nextElementInList.js
FN:1,(anonymous_0)
FNF:1
FNH:1
FNDA:5,(anonymous_0)
DA:1,2
DA:2,5
DA:3,5
DA:4,5
DA:5,5
LF:5
LH:5
BRF:0
BRH:0
end_of_record
